<?xml version="1.0" encoding="UTF-8"?>
<!-- Generated by org.testng.reporters.JUnitXMLReporter -->
<testsuite ignored="0" hostname="DESKTOP-0CHRNDP" failures="0" tests="4" name="aa2" time="23.533" errors="0" timestamp="2022-04-07T10:38:50 IST">
  <testcase classname="org.TestNg.tv.tv" name="bar" time="0.007"/>
  <testcase classname="org.TestNg.tv.tv" name="bike2" time="0.002"/>
  <testcase classname="org.TestNg.tv.tv" name="fb" time="23.475"/>
  <testcase classname="org.TestNg.tv.tv" name="phone2" time="0.002"/>
</testsuite> <!-- aa2 -->
