<?xml version="1.0" encoding="UTF-8"?>
<!-- Generated by org.testng.reporters.JUnitXMLReporter -->
<testsuite ignored="0" hostname="DESKTOP-0CHRNDP" failures="0" tests="6" name="aa3" time="0.038" errors="0" timestamp="2022-04-07T10:03:36 IST">
  <testcase classname="org.TestNg.bike.bikedup" name="bikedupw" time="0.001"/>
  <testcase classname="org.TestNg.bike.bikedup" name="homedup" time="0.002"/>
  <testcase classname="org.TestNg.bike.bikedup" name="phonedup" time="0.004"/>
  <testcase classname="ContactUs_UniCreds" name="bike" time="0.002"/>
  <testcase classname="ContactUs_UniCreds" name="home" time="0.002"/>
  <testcase classname="ContactUs_UniCreds" name="phone" time="0.001"/>
</testsuite> <!-- aa3 -->
